{
  "0 debug pnpm:scope": {
    "selected": 1,
    "total": 6,
    "workspacePrefix": "/Users/aridder/Projects/brok-monorepo"
  },
  "1 info pnpm": {
    "err": {
      "name": "Error",
      "message": "@brok/demo-frontend@0.1.0 start: `react-scripts start`\nspawn ENOENT",
      "code": "ELIFECYCLE",
      "stack": "Error: @brok/demo-frontend@0.1.0 start: `react-scripts start`\nspawn ENOENT\n    at ChildProcess.<anonymous> (/opt/homebrew/Cellar/pnpm/6.32.6/libexec/lib/node_modules/pnpm/dist/pnpm.cjs:92290:22)\n    at ChildProcess.emit (node:events:390:28)\n    at maybeClose (node:internal/child_process:1064:16)\n    at Process.ChildProcess._handle.onexit (node:internal/child_process:301:5)"
    }
  },
  "2 error pnpm": {
    "code": "ERR_PNPM_RECURSIVE_RUN_FIRST_FAIL",
    "errno": "ENOENT",
    "syscall": "spawn",
    "file": "sh",
    "pkgid": "@brok/demo-frontend@0.1.0",
    "stage": "start",
    "script": "react-scripts start",
    "pkgname": "@brok/demo-frontend",
    "prefix": "/Users/aridder/Projects/brok-monorepo/packages/demo-frontend",
    "err": {
      "name": "pnpm",
      "message": "@brok/demo-frontend@0.1.0 start: `react-scripts start`\nspawn ENOENT",
      "code": "ERR_PNPM_RECURSIVE_RUN_FIRST_FAIL",
      "stack": "Error: @brok/demo-frontend@0.1.0 start: `react-scripts start`\nspawn ENOENT\n    at ChildProcess.<anonymous> (/opt/homebrew/Cellar/pnpm/6.32.6/libexec/lib/node_modules/pnpm/dist/pnpm.cjs:92290:22)\n    at ChildProcess.emit (node:events:390:28)\n    at maybeClose (node:internal/child_process:1064:16)\n    at Process.ChildProcess._handle.onexit (node:internal/child_process:301:5)"
    }
  },
  "3 warn pnpm:global": " Local package.json exists, but node_modules missing, did you mean to install?"
}